2025-11-26 22:52:59,590 - INFO - method=POST path=/api/users user=anonymous status=201 duration_ms=13.53
2025-11-26 22:52:59,605 - INFO - method=GET path=/api/users user=anonymous status=200 duration_ms=4.59
2025-11-26 22:53:14,016 - INFO - method=POST path=/api/users user=anonymous status=201 duration_ms=9.91
2025-11-26 22:53:14,029 - INFO - method=GET path=/api/users user=anonymous status=200 duration_ms=3.81
2025-11-26 22:57:54,648 - INFO - method=POST path=/api/users user=anonymous status=201 duration_ms=28.67
2025-11-26 22:58:24,618 - INFO - method=POST path=/api/users/login user=anonymous status=401 duration_ms=14.37
2025-11-26 22:58:47,937 - INFO - method=POST path=/api/users/login user=samah status=401 duration_ms=6.98
2025-11-26 22:58:59,906 - INFO - method=POST path=/api/users/login user=samah status=401 duration_ms=6.22
2025-11-26 23:04:35,548 - INFO - method=GET path=/api/users user=samah status=200 duration_ms=7.15
2025-11-26 23:05:18,540 - INFO - method=POST path=/api/users user=samah status=201 duration_ms=5.93
2025-11-26 23:06:06,399 - INFO - method=POST path=/api/users/login user=anonymous status=401 duration_ms=6.21
2025-11-26 23:14:00,610 - INFO - method=GET path=/docs user=anonymous status=200 duration_ms=0.92
2025-11-26 23:14:01,799 - INFO - method=GET path=/openapi.json user=anonymous status=200 duration_ms=30.46
2025-11-27 00:17:02,521 - INFO - method=POST path=/api/users user=anonymous status=201 duration_ms=24.95
2025-11-27 00:17:02,542 - INFO - method=GET path=/api/users user=anonymous status=200 duration_ms=7.86
2025-11-27 00:17:15,343 - INFO - method=POST path=/api/users user=anonymous status=201 duration_ms=27.32
2025-11-27 00:17:15,367 - INFO - method=GET path=/api/users user=anonymous status=200 duration_ms=9.38
2025-11-27 00:20:07,182 - INFO - method=GET path=/api/users user=samahhhh status=200 duration_ms=11.48
2025-11-27 01:26:48,809 - INFO - method=POST path=/api/users/login user=samahhhh status=200 duration_ms=20.03
2025-11-27 01:27:03,919 - INFO - method=GET path=/api/users/login user=samahhhh status=405 duration_ms=0.49
2025-11-27 01:27:36,654 - INFO - method=GET path=/api/users/login user=samahhhh status=405 duration_ms=0.63
