2025-11-20 22:41:20,637 - INFO - CREATE booking id=1 room_id=1 user=testuser start=2025-01-01T10:00:00 end=2025-01-01T11:00:00
2025-11-20 22:44:17,596 - INFO - CREATE booking id=1 room_id=1 user=samah start=2025-03-18T10:00:00 end=2025-03-18T11:00:00
2025-11-20 22:45:11,211 - INFO - UPDATE booking id=1 room_id=1 user=samah start=2025-03-18T10:00:00 end=2025-03-18T11:00:00 purpose=Updated purpose
2025-11-20 22:46:01,944 - INFO - DELETE booking id=1 room_id=1 user=samah
2025-11-20 23:05:08,127 - INFO - CREATE booking id=1 room_id=1 user=testuser start=2025-01-01T10:00:00 end=2025-01-01T11:00:00
2025-11-20 23:13:36,514 - INFO - CREATE booking id=1 room_id=1 user=testuser start=2025-01-01T10:00:00 end=2025-01-01T11:00:00
2025-11-21 23:23:28,175 - INFO - CREATE booking id=1 room_id=1 user=marcme start=2025-03-18T10:00:00 end=2025-03-18T11:00:00
2025-11-21 23:36:17,341 - INFO - CREATE booking id=2 room_id=1 user=marcme start=2025-03-18T10:00:00 end=2025-03-18T11:00:00
2025-11-22 15:10:43,466 - INFO - CREATE booking id=1 room_id=1 user=testuser start=2025-01-01T10:00:00 end=2025-01-01T11:00:00
2025-11-22 15:12:39,794 - INFO - CREATE booking id=1 room_id=1 user=testuser start=2025-01-01T10:00:00 end=2025-01-01T11:00:00
2025-11-22 15:13:27,783 - INFO - CREATE booking id=1 room_id=1 user=testuser start=2025-01-01T10:00:00 end=2025-01-01T11:00:00
2025-11-22 15:30:09,035 - INFO - CREATE booking id=1 room_id=1 user=testuser start=2025-01-01T10:00:00 end=2025-01-01T11:00:00
2025-11-22 15:52:41,774 - INFO - CREATE booking id=1 room_id=1 user=user0 start=2025-11-22T15:52:41.743202 end=2025-11-22T16:17:41.743202
2025-11-22 15:52:41,811 - INFO - CREATE booking id=2 room_id=1 user=user1 start=2025-11-22T16:22:41.743202 end=2025-11-22T16:47:41.743202
2025-11-22 15:52:41,825 - INFO - CREATE booking id=3 room_id=1 user=user2 start=2025-11-22T16:52:41.743202 end=2025-11-22T17:17:41.743202
2025-11-22 15:52:41,840 - INFO - CREATE booking id=4 room_id=1 user=user3 start=2025-11-22T17:22:41.743202 end=2025-11-22T17:47:41.743202
2025-11-22 15:52:41,857 - INFO - CREATE booking id=5 room_id=1 user=user4 start=2025-11-22T17:52:41.743202 end=2025-11-22T18:17:41.743202
2025-11-22 15:52:41,872 - INFO - CREATE booking id=6 room_id=1 user=user5 start=2025-11-22T18:22:41.743202 end=2025-11-22T18:47:41.743202
2025-11-22 15:52:41,887 - INFO - CREATE booking id=7 room_id=1 user=user6 start=2025-11-22T18:52:41.743202 end=2025-11-22T19:17:41.743202
2025-11-22 15:52:41,902 - INFO - CREATE booking id=8 room_id=1 user=user7 start=2025-11-22T19:22:41.743202 end=2025-11-22T19:47:41.743202
2025-11-22 15:52:41,918 - INFO - CREATE booking id=9 room_id=1 user=user8 start=2025-11-22T19:52:41.743202 end=2025-11-22T20:17:41.743202
2025-11-22 15:52:41,933 - INFO - CREATE booking id=10 room_id=1 user=user9 start=2025-11-22T20:22:41.743202 end=2025-11-22T20:47:41.743202
2025-11-22 15:52:41,947 - INFO - CREATE booking id=11 room_id=1 user=user10 start=2025-11-22T20:52:41.743202 end=2025-11-22T21:17:41.743202
2025-11-22 15:52:41,962 - INFO - CREATE booking id=12 room_id=1 user=user11 start=2025-11-22T21:22:41.743202 end=2025-11-22T21:47:41.743202
2025-11-22 15:52:41,977 - INFO - CREATE booking id=13 room_id=1 user=user12 start=2025-11-22T21:52:41.743202 end=2025-11-22T22:17:41.743202
2025-11-22 15:52:41,992 - INFO - CREATE booking id=14 room_id=1 user=user13 start=2025-11-22T22:22:41.743202 end=2025-11-22T22:47:41.743202
2025-11-22 15:52:42,006 - INFO - CREATE booking id=15 room_id=1 user=user14 start=2025-11-22T22:52:41.743202 end=2025-11-22T23:17:41.743202
2025-11-22 15:52:42,021 - INFO - CREATE booking id=16 room_id=1 user=user15 start=2025-11-22T23:22:41.743202 end=2025-11-22T23:47:41.743202
2025-11-22 15:52:42,035 - INFO - CREATE booking id=17 room_id=1 user=user16 start=2025-11-22T23:52:41.743202 end=2025-11-23T00:17:41.743202
2025-11-22 15:52:42,053 - INFO - CREATE booking id=18 room_id=1 user=user17 start=2025-11-23T00:22:41.743202 end=2025-11-23T00:47:41.743202
2025-11-22 15:52:42,069 - INFO - CREATE booking id=19 room_id=1 user=user18 start=2025-11-23T00:52:41.743202 end=2025-11-23T01:17:41.743202
2025-11-22 15:52:42,086 - INFO - CREATE booking id=20 room_id=1 user=user19 start=2025-11-23T01:22:41.743202 end=2025-11-23T01:47:41.743202
2025-11-22 15:52:42,102 - INFO - CREATE booking id=21 room_id=1 user=user20 start=2025-11-23T01:52:41.743202 end=2025-11-23T02:17:41.743202
2025-11-22 15:52:42,120 - INFO - CREATE booking id=22 room_id=1 user=user21 start=2025-11-23T02:22:41.743202 end=2025-11-23T02:47:41.743202
2025-11-22 15:52:42,138 - INFO - CREATE booking id=23 room_id=1 user=user22 start=2025-11-23T02:52:41.743202 end=2025-11-23T03:17:41.743202
2025-11-22 15:52:42,155 - INFO - CREATE booking id=24 room_id=1 user=user23 start=2025-11-23T03:22:41.743202 end=2025-11-23T03:47:41.743202
2025-11-22 15:52:42,173 - INFO - CREATE booking id=25 room_id=1 user=user24 start=2025-11-23T03:52:41.743202 end=2025-11-23T04:17:41.743202
2025-11-22 15:52:42,191 - INFO - CREATE booking id=26 room_id=1 user=user25 start=2025-11-23T04:22:41.743202 end=2025-11-23T04:47:41.743202
2025-11-22 15:52:42,211 - INFO - CREATE booking id=27 room_id=1 user=user26 start=2025-11-23T04:52:41.743202 end=2025-11-23T05:17:41.743202
2025-11-22 15:52:42,225 - INFO - CREATE booking id=28 room_id=1 user=user27 start=2025-11-23T05:22:41.743202 end=2025-11-23T05:47:41.743202
2025-11-22 15:52:42,239 - INFO - CREATE booking id=29 room_id=1 user=user28 start=2025-11-23T05:52:41.743202 end=2025-11-23T06:17:41.743202
2025-11-22 15:52:42,257 - INFO - CREATE booking id=30 room_id=1 user=user29 start=2025-11-23T06:22:41.743202 end=2025-11-23T06:47:41.743202
2025-11-22 15:52:42,275 - INFO - CREATE booking id=31 room_id=1 user=user30 start=2025-11-23T06:52:41.743202 end=2025-11-23T07:17:41.743202
2025-11-22 15:52:42,292 - INFO - CREATE booking id=32 room_id=1 user=user31 start=2025-11-23T07:22:41.743202 end=2025-11-23T07:47:41.743202
2025-11-22 15:52:42,307 - INFO - CREATE booking id=33 room_id=1 user=user32 start=2025-11-23T07:52:41.743202 end=2025-11-23T08:17:41.743202
2025-11-22 15:52:42,320 - INFO - CREATE booking id=34 room_id=1 user=user33 start=2025-11-23T08:22:41.743202 end=2025-11-23T08:47:41.743202
2025-11-22 15:52:42,334 - INFO - CREATE booking id=35 room_id=1 user=user34 start=2025-11-23T08:52:41.743202 end=2025-11-23T09:17:41.743202
2025-11-22 15:52:42,348 - INFO - CREATE booking id=36 room_id=1 user=user35 start=2025-11-23T09:22:41.743202 end=2025-11-23T09:47:41.743202
2025-11-22 15:52:42,363 - INFO - CREATE booking id=37 room_id=1 user=user36 start=2025-11-23T09:52:41.743202 end=2025-11-23T10:17:41.743202
2025-11-22 15:52:42,378 - INFO - CREATE booking id=38 room_id=1 user=user37 start=2025-11-23T10:22:41.743202 end=2025-11-23T10:47:41.743202
2025-11-22 15:52:42,393 - INFO - CREATE booking id=39 room_id=1 user=user38 start=2025-11-23T10:52:41.743202 end=2025-11-23T11:17:41.743202
2025-11-22 15:52:42,407 - INFO - CREATE booking id=40 room_id=1 user=user39 start=2025-11-23T11:22:41.743202 end=2025-11-23T11:47:41.743202
2025-11-22 15:52:42,422 - INFO - CREATE booking id=41 room_id=1 user=user40 start=2025-11-23T11:52:41.743202 end=2025-11-23T12:17:41.743202
2025-11-22 15:52:42,436 - INFO - CREATE booking id=42 room_id=1 user=user41 start=2025-11-23T12:22:41.743202 end=2025-11-23T12:47:41.743202
2025-11-22 15:52:42,450 - INFO - CREATE booking id=43 room_id=1 user=user42 start=2025-11-23T12:52:41.743202 end=2025-11-23T13:17:41.743202
2025-11-22 15:52:42,465 - INFO - CREATE booking id=44 room_id=1 user=user43 start=2025-11-23T13:22:41.743202 end=2025-11-23T13:47:41.743202
2025-11-22 15:52:42,480 - INFO - CREATE booking id=45 room_id=1 user=user44 start=2025-11-23T13:52:41.743202 end=2025-11-23T14:17:41.743202
2025-11-22 15:52:42,494 - INFO - CREATE booking id=46 room_id=1 user=user45 start=2025-11-23T14:22:41.743202 end=2025-11-23T14:47:41.743202
2025-11-22 15:52:42,509 - INFO - CREATE booking id=47 room_id=1 user=user46 start=2025-11-23T14:52:41.743202 end=2025-11-23T15:17:41.743202
2025-11-22 15:52:42,524 - INFO - CREATE booking id=48 room_id=1 user=user47 start=2025-11-23T15:22:41.743202 end=2025-11-23T15:47:41.743202
2025-11-22 15:52:42,538 - INFO - CREATE booking id=49 room_id=1 user=user48 start=2025-11-23T15:52:41.743202 end=2025-11-23T16:17:41.743202
2025-11-22 15:52:42,553 - INFO - CREATE booking id=50 room_id=1 user=user49 start=2025-11-23T16:22:41.743202 end=2025-11-23T16:47:41.743202
2025-11-22 18:05:25,118 - INFO - CREATE booking id=1 room_id=1 user=marcme start=2025-03-18T10:00:00 end=2025-03-18T11:00:00
2025-11-22 19:29:47,202 - INFO - CREATE booking id=2 room_id=1 user=samah start=2025-01-01T10:00:00 end=2025-01-01T12:00:00
2025-11-22 19:33:43,722 - INFO - UPDATE booking id=1 room_id=1 user=marcme start=2025-01-01T11:00:00 end=2025-01-01T13:00:00 purpose=Team meeting
2025-11-22 19:33:57,912 - INFO - DELETE booking id=1 room_id=1 user=marcme
